#
# There is insufficient memory for the Java Runtime Environment to continue.
# Native memory allocation (malloc) failed to allocate 32744 bytes for ChunkPool::allocate
# Possible reasons:
#   The system is out of physical RAM or swap space
#   In 32 bit mode, the process size limit was hit
# Possible solutions:
#   Reduce memory load on the system
#   Increase physical memory or swap space
#   Check if swap backing store is full
#   Use 64 bit Java on a 64 bit OS
#   Decrease Java heap size (-Xmx/-Xms)
#   Decrease number of Java threads
#   Decrease Java thread stack sizes (-Xss)
#   Set larger code cache with -XX:ReservedCodeCacheSize=
# This output file may be truncated or incomplete.
#
#  Out of Memory Error (allocation.cpp:273), pid=7544, tid=0x00000000000022dc
#
# JRE version: Java(TM) SE Runtime Environment (8.0_171-b11) (build 1.8.0_171-b11)
# Java VM: Java HotSpot(TM) 64-Bit Server VM (25.171-b11 mixed mode windows-amd64 compressed oops)
# Failed to write core dump. Minidumps are not enabled by default on client versions of Windows
#

---------------  T H R E A D  ---------------

Current thread (0x0000000014d19800):  JavaThread "C2 CompilerThread1" daemon [_thread_in_native, id=8924, stack(0x0000000016280000,0x0000000016380000)]

Stack: [0x0000000016280000,0x0000000016380000]
[error occurred during error reporting (printing stack bounds), id 0xc0000005]

Native frames: (J=compiled Java code, j=interpreted, Vv=VM code, C=native code)


Current CompileTask:
C2:  14686  390   !   4       org.json.JSONObject::writeValue (316 bytes)


---------------  P R O C E S S  ---------------

Java Threads: ( => current thread )
  0x0000000016703800 JavaThread "Service Thread" daemon [_thread_blocked, id=4436, stack(0x0000000016dd0000,0x0000000016ed0000)]
  0x00000000166c5000 JavaThread "C1 CompilerThread2" daemon [_thread_in_native, id=5312, stack(0x0000000016c00000,0x0000000016d00000)]
=>0x0000000014d19800 JavaThread "C2 CompilerThread1" daemon [_thread_in_native, id=8924, stack(0x0000000016280000,0x0000000016380000)]
  0x0000000014d17800 JavaThread "C2 CompilerThread0" daemon [_thread_in_native, id=9160, stack(0x00000000165c0000,0x00000000166c0000)]
  0x0000000014d10800 JavaThread "Attach Listener" daemon [_thread_blocked, id=9116, stack(0x0000000016400000,0x0000000016500000)]
  0x0000000014d0e800 JavaThread "Signal Dispatcher" daemon [_thread_blocked, id=7208, stack(0x0000000016110000,0x0000000016210000)]
  0x0000000014cfb800 JavaThread "Finalizer" daemon [_thread_blocked, id=8744, stack(0x0000000015e50000,0x0000000015f50000)]
  0x0000000014cb4800 JavaThread "Reference Handler" daemon [_thread_blocked, id=7744, stack(0x0000000015f90000,0x0000000016090000)]
  0x00000000001af000 JavaThread "main" [_thread_in_native, id=8396, stack(0x0000000002290000,0x0000000002390000)]

Other Threads:
  0x0000000014cad000 VMThread [stack: 0x0000000015cc0000,0x0000000015dc0000] [id=3704]
  0x0000000016752000 WatcherThread [stack: 0x0000000017050000,0x0000000017150000] [id=6036]

VM state:not at safepoint (normal execution)

VM Mutex/Monitor currently owned by a thread: None

Heap:
 PSYoungGen      total 112640K, used 21804K [0x00000000ebb80000, 0x00000000f5580000, 0x0000000100000000)
  eden space 79872K, 8% used [0x00000000ebb80000,0x00000000ec1c7840,0x00000000f0980000)
  from space 32768K, 46% used [0x00000000f2800000,0x00000000f3703a18,0x00000000f4800000)
  to   space 31232K, 0% used [0x00000000f0980000,0x00000000f0980000,0x00000000f2800000)
 ParOldGen       total 108544K, used 45751K [0x00000000c3200000, 0x00000000c9c00000, 0x00000000ebb80000)
  object space 108544K, 42% used [0x00000000c3200000,0x00000000c5eaded8,0x00000000c9c00000)
 Metaspace       used 3404K, capacity 4664K, committed 4864K, reserved 1056768K
  class space    used 347K, capacity 424K, committed 512K, reserved 1048576K

Card table byte_map: [0x0000000011a20000,0x0000000011c10000] byte_map_base: 0x0000000011407000

Marking Bits: (ParMarkBitMap*) 0x00000000711108c0
 Begin Bits: [0x00000000122c0000, 0x00000000131f8000)
 End Bits:   [0x00000000131f8000, 0x0000000014130000)

Polling page: 0x0000000000150000

CodeCache: size=245760Kb used=2345Kb max_used=2345Kb free=243414Kb
 bounds [0x0000000002660000, 0x00000000028d0000, 0x0000000011660000]
 total_blobs=656 nmethods=393 adapters=177
 compilation: enabled

Compilation events (10 events):
Event: 11.528 Thread 0x00000000166c5000  407 %     3       org.json.JSONObject::quote @ 36 (295 bytes)
Event: 11.530 Thread 0x00000000166c5000 nmethod 407% 0x000000000289db50 code [0x000000000289de60, 0x000000000289f6f8]
Event: 11.531 Thread 0x00000000166c5000  408       3       org.json.JSONObject::quote (295 bytes)
Event: 11.533 Thread 0x00000000166c5000 nmethod 408 0x00000000028a0090 code [0x00000000028a0380, 0x00000000028a19d8]
Event: 11.782 Thread 0x00000000166c5000  415 %     3       sun.nio.cs.UTF_8$Encoder::encodeArrayLoop @ 73 (489 bytes)
Event: 11.788 Thread 0x00000000166c5000 nmethod 415% 0x00000000028a2150 code [0x00000000028a26e0, 0x00000000028a5ee8]
Event: 11.788 Thread 0x00000000166c5000  416       3       sun.nio.cs.UTF_8$Encoder::encodeArrayLoop (489 bytes)
Event: 11.792 Thread 0x00000000166c5000 nmethod 416 0x00000000028a8750 code [0x00000000028a8ca0, 0x00000000028ac0a8]
Event: 13.792 Thread 0x00000000166c5000  419       2       java.io.BufferedOutputStream::flushBuffer (29 bytes)
Event: 13.792 Thread 0x00000000166c5000 nmethod 419 0x0000000002898d10 code [0x0000000002898e80, 0x0000000002899028]

GC Heap History (10 events):
Event: 7.563 GC heap before
{Heap before GC invocations=4 (full 1):
 PSYoungGen      total 34304K, used 2560K [0x00000000ebb80000, 0x00000000efe80000, 0x0000000100000000)
  eden space 31744K, 0% used [0x00000000ebb80000,0x00000000ebb80000,0x00000000eda80000)
  from space 2560K, 100% used [0x00000000eda80000,0x00000000edd00000,0x00000000edd00000)
  to   space 2560K, 0% used [0x00000000efc00000,0x00000000efc00000,0x00000000efe80000)
 ParOldGen       total 42496K, used 35513K [0x00000000c3200000, 0x00000000c5b80000, 0x00000000ebb80000)
  object space 42496K, 83% used [0x00000000c3200000,0x00000000c54ae7f8,0x00000000c5b80000)
 Metaspace       used 2782K, capacity 4564K, committed 4864K, reserved 1056768K
  class space    used 295K, capacity 388K, committed 512K, reserved 1048576K
Event: 8.363 GC heap after
Heap after GC invocations=4 (full 1):
 PSYoungGen      total 34304K, used 0K [0x00000000ebb80000, 0x00000000efe80000, 0x0000000100000000)
  eden space 31744K, 0% used [0x00000000ebb80000,0x00000000ebb80000,0x00000000eda80000)
  from space 2560K, 0% used [0x00000000eda80000,0x00000000eda80000,0x00000000edd00000)
  to   space 2560K, 0% used [0x00000000efc00000,0x00000000efc00000,0x00000000efe80000)
 ParOldGen       total 80896K, used 37885K [0x00000000c3200000, 0x00000000c8100000, 0x00000000ebb80000)
  object space 80896K, 46% used [0x00000000c3200000,0x00000000c56ff6c8,0x00000000c8100000)
 Metaspace       used 2782K, capacity 4564K, committed 4864K, reserved 1056768K
  class space    used 295K, capacity 388K, committed 512K, reserved 1048576K
}
Event: 9.075 GC heap before
{Heap before GC invocations=5 (full 1):
 PSYoungGen      total 34304K, used 31744K [0x00000000ebb80000, 0x00000000efe80000, 0x0000000100000000)
  eden space 31744K, 100% used [0x00000000ebb80000,0x00000000eda80000,0x00000000eda80000)
  from space 2560K, 0% used [0x00000000eda80000,0x00000000eda80000,0x00000000edd00000)
  to   space 2560K, 0% used [0x00000000efc00000,0x00000000efc00000,0x00000000efe80000)
 ParOldGen       total 80896K, used 37885K [0x00000000c3200000, 0x00000000c8100000, 0x00000000ebb80000)
  object space 80896K, 46% used [0x00000000c3200000,0x00000000c56ff6c8,0x00000000c8100000)
 Metaspace       used 2812K, capacity 4566K, committed 4864K, reserved 1056768K
  class space    used 297K, capacity 390K, committed 512K, reserved 1048576K
Event: 9.134 GC heap after
Heap after GC invocations=5 (full 1):
 PSYoungGen      total 53248K, used 2550K [0x00000000ebb80000, 0x00000000efe80000, 0x0000000100000000)
  eden space 50688K, 0% used [0x00000000ebb80000,0x00000000ebb80000,0x00000000eed00000)
  from space 2560K, 99% used [0x00000000efc00000,0x00000000efe7dba8,0x00000000efe80000)
  to   space 2560K, 0% used [0x00000000ef980000,0x00000000ef980000,0x00000000efc00000)
 ParOldGen       total 80896K, used 52856K [0x00000000c3200000, 0x00000000c8100000, 0x00000000ebb80000)
  object space 80896K, 65% used [0x00000000c3200000,0x00000000c659e238,0x00000000c8100000)
 Metaspace       used 2812K, capacity 4566K, committed 4864K, reserved 1056768K
  class space    used 297K, capacity 390K, committed 512K, reserved 1048576K
}
Event: 10.871 GC heap before
{Heap before GC invocations=6 (full 1):
 PSYoungGen      total 53248K, used 53238K [0x00000000ebb80000, 0x00000000efe80000, 0x0000000100000000)
  eden space 50688K, 100% used [0x00000000ebb80000,0x00000000eed00000,0x00000000eed00000)
  from space 2560K, 99% used [0x00000000efc00000,0x00000000efe7dba8,0x00000000efe80000)
  to   space 2560K, 0% used [0x00000000ef980000,0x00000000ef980000,0x00000000efc00000)
 ParOldGen       total 80896K, used 52856K [0x00000000c3200000, 0x00000000c8100000, 0x00000000ebb80000)
  object space 80896K, 65% used [0x00000000c3200000,0x00000000c659e238,0x00000000c8100000)
 Metaspace       used 3218K, capacity 4664K, committed 4864K, reserved 1056768K
  class space    used 337K, capacity 424K, committed 512K, reserved 1048576K
Event: 10.945 GC heap after
Heap after GC invocations=6 (full 1):
 PSYoungGen      total 66048K, used 2560K [0x00000000ebb80000, 0x00000000f4800000, 0x0000000100000000)
  eden space 63488K, 0% used [0x00000000ebb80000,0x00000000ebb80000,0x00000000ef980000)
  from space 2560K, 100% used [0x00000000ef980000,0x00000000efc00000,0x00000000efc00000)
  to   space 32768K, 0% used [0x00000000f2800000,0x00000000f2800000,0x00000000f4800000)
 ParOldGen       total 81920K, used 80920K [0x00000000c3200000, 0x00000000c8200000, 0x00000000ebb80000)
  object space 81920K, 98% used [0x00000000c3200000,0x00000000c81060d0,0x00000000c8200000)
 Metaspace       used 3218K, capacity 4664K, committed 4864K, reserved 1056768K
  class space    used 337K, capacity 424K, committed 512K, reserved 1048576K
}
Event: 10.945 GC heap before
{Heap before GC invocations=7 (full 2):
 PSYoungGen      total 66048K, used 2560K [0x00000000ebb80000, 0x00000000f4800000, 0x0000000100000000)
  eden space 63488K, 0% used [0x00000000ebb80000,0x00000000ebb80000,0x00000000ef980000)
  from space 2560K, 100% used [0x00000000ef980000,0x00000000efc00000,0x00000000efc00000)
  to   space 32768K, 0% used [0x00000000f2800000,0x00000000f2800000,0x00000000f4800000)
 ParOldGen       total 81920K, used 80920K [0x00000000c3200000, 0x00000000c8200000, 0x00000000ebb80000)
  object space 81920K, 98% used [0x00000000c3200000,0x00000000c81060d0,0x00000000c8200000)
 Metaspace       used 3218K, capacity 4664K, committed 4864K, reserved 1056768K
  class space    used 337K, capacity 424K, committed 512K, reserved 1048576K
Event: 11.301 GC heap after
Heap after GC invocations=7 (full 2):
 PSYoungGen      total 66048K, used 0K [0x00000000ebb80000, 0x00000000f4800000, 0x0000000100000000)
  eden space 63488K, 0% used [0x00000000ebb80000,0x00000000ebb80000,0x00000000ef980000)
  from space 2560K, 0% used [0x00000000ef980000,0x00000000ef980000,0x00000000efc00000)
  to   space 32768K, 0% used [0x00000000f2800000,0x00000000f2800000,0x00000000f4800000)
 ParOldGen       total 108544K, used 45751K [0x00000000c3200000, 0x00000000c9c00000, 0x00000000ebb80000)
  object space 108544K, 42% used [0x00000000c3200000,0x00000000c5eaded8,0x00000000c9c00000)
 Metaspace       used 3218K, capacity 4664K, committed 4864K, reserved 1056768K
  class space    used 337K, capacity 424K, committed 512K, reserved 1048576K
}
Event: 11.713 GC heap before
{Heap before GC invocations=8 (full 2):
 PSYoungGen      total 66048K, used 61839K [0x00000000ebb80000, 0x00000000f4800000, 0x0000000100000000)
  eden space 63488K, 97% used [0x00000000ebb80000,0x00000000ef7e3c00,0x00000000ef980000)
  from space 2560K, 0% used [0x00000000ef980000,0x00000000ef980000,0x00000000efc00000)
  to   space 32768K, 0% used [0x00000000f2800000,0x00000000f2800000,0x00000000f4800000)
 ParOldGen       total 108544K, used 45751K [0x00000000c3200000, 0x00000000c9c00000, 0x00000000ebb80000)
  object space 108544K, 42% used [0x00000000c3200000,0x00000000c5eaded8,0x00000000c9c00000)
 Metaspace       used 3399K, capacity 4664K, committed 4864K, reserved 1056768K
  class space    used 347K, capacity 424K, committed 512K, reserved 1048576K
Event: 11.776 GC heap after
Heap after GC invocations=8 (full 2):
 PSYoungGen      total 112640K, used 15374K [0x00000000ebb80000, 0x00000000f5580000, 0x0000000100000000)
  eden space 79872K, 0% used [0x00000000ebb80000,0x00000000ebb80000,0x00000000f0980000)
  from space 32768K, 46% used [0x00000000f2800000,0x00000000f3703a18,0x00000000f4800000)
  to   space 31232K, 0% used [0x00000000f0980000,0x00000000f0980000,0x00000000f2800000)
 ParOldGen       total 108544K, used 45751K [0x00000000c3200000, 0x00000000c9c00000, 0x00000000ebb80000)
  object space 108544K, 42% used [0x00000000c3200000,0x00000000c5eaded8,0x00000000c9c00000)
 Metaspace       used 3399K, capacity 4664K, committed 4864K, reserved 1056768K
  class space    used 347K, capacity 424K, committed 512K, reserved 1048576K
}

Deoptimization events (10 events):
Event: 7.251 Thread 0x00000000001af000 Uncommon trap: reason=unstable_if action=reinterpret pc=0x00000000027d4dc4 method=java.lang.CharacterDataLatin1.toUpperCase(I)I @ 12
Event: 7.436 Thread 0x00000000001af000 Uncommon trap: reason=unstable_if action=reinterpret pc=0x00000000027cbc60 method=sun.nio.cs.UTF_8$Decoder.decodeArrayLoop(Ljava/nio/ByteBuffer;Ljava/nio/CharBuffer;)Ljava/nio/charset/CoderResult; @ 84
Event: 7.438 Thread 0x00000000001af000 Uncommon trap: reason=unstable_if action=reinterpret pc=0x00000000027c9914 method=sun.nio.cs.UTF_8$Decoder.decodeArrayLoop(Ljava/nio/ByteBuffer;Ljava/nio/CharBuffer;)Ljava/nio/charset/CoderResult; @ 84
Event: 8.364 Thread 0x00000000001af000 Uncommon trap: reason=unstable_if action=reinterpret pc=0x00000000027c4b74 method=java.lang.String.substring(II)Ljava/lang/String; @ 58
Event: 8.546 Thread 0x00000000001af000 Uncommon trap: reason=unstable_if action=reinterpret pc=0x00000000027dcad0 method=java.lang.String.equalsIgnoreCase(Ljava/lang/String;)Z @ 2
Event: 8.546 Thread 0x00000000001af000 Uncommon trap: reason=unstable_if action=reinterpret pc=0x00000000027d7830 method=java.util.HashMap.putVal(ILjava/lang/Object;Ljava/lang/Object;ZZ)Ljava/lang/Object; @ 7
Event: 10.760 Thread 0x00000000001af000 Uncommon trap: reason=unstable_if action=reinterpret pc=0x00000000027d1d8c method=java.lang.String.split(Ljava/lang/String;I)[Ljava/lang/String; @ 207
Event: 11.405 Thread 0x00000000001af000 Uncommon trap: reason=unstable_if action=reinterpret pc=0x00000000027ce1a4 method=java.util.HashMap.getNode(ILjava/lang/Object;)Ljava/util/HashMap$Node; @ 116
Event: 11.405 Thread 0x00000000001af000 Uncommon trap: reason=unstable_if action=reinterpret pc=0x00000000027d6a84 method=java.util.HashMap.getNode(ILjava/lang/Object;)Ljava/util/HashMap$Node; @ 116
Event: 11.528 Thread 0x00000000001af000 Uncommon trap: reason=unstable_if action=reinterpret pc=0x000000000289ad00 method=org.json.JSONObject.quote(Ljava/lang/String;Ljava/io/Writer;)Ljava/io/Writer; @ 8

Classes redefined (0 events):
No events

Internal exceptions (7 events):
Event: 3.691 Thread 0x00000000001af000 Exception <a 'java/lang/NoSuchMethodError': Method sun.misc.Unsafe.defineClass(Ljava/lang/String;[BII)Ljava/lang/Class; name or signature does not match> (0x00000000ebb87cb0) thrown at [C:\re\workspace\8-2-build-windows-amd64-cygwin\jdk8u171\10807\hotspot
Event: 3.692 Thread 0x00000000001af000 Exception <a 'java/lang/NoSuchMethodError': Method sun.misc.Unsafe.prefetchRead(Ljava/lang/Object;J)V name or signature does not match> (0x00000000ebb87f98) thrown at [C:\re\workspace\8-2-build-windows-amd64-cygwin\jdk8u171\10807\hotspot\src\share\vm\prim
Event: 6.280 Thread 0x00000000001af000 Exception <a 'java/security/PrivilegedActionException'> (0x00000000ebc81918) thrown at [C:\re\workspace\8-2-build-windows-amd64-cygwin\jdk8u171\10807\hotspot\src\share\vm\prims\jvm.cpp, line 1435]
Event: 6.280 Thread 0x00000000001af000 Exception <a 'java/security/PrivilegedActionException'> (0x00000000ebc81b28) thrown at [C:\re\workspace\8-2-build-windows-amd64-cygwin\jdk8u171\10807\hotspot\src\share\vm\prims\jvm.cpp, line 1435]
Event: 6.283 Thread 0x00000000001af000 Exception <a 'java/security/PrivilegedActionException'> (0x00000000ebc85a38) thrown at [C:\re\workspace\8-2-build-windows-amd64-cygwin\jdk8u171\10807\hotspot\src\share\vm\prims\jvm.cpp, line 1435]
Event: 6.283 Thread 0x00000000001af000 Exception <a 'java/security/PrivilegedActionException'> (0x00000000ebc85c48) thrown at [C:\re\workspace\8-2-build-windows-amd64-cygwin\jdk8u171\10807\hotspot\src\share\vm\prims\jvm.cpp, line 1435]
Event: 8.546 Thread 0x00000000001af000 Implicit null exception at 0x00000000027d7012 to 0x00000000027d7815

Events (10 events):
Event: 11.405 Thread 0x00000000001af000 DEOPT PACKING pc=0x00000000027ce1a4 sp=0x000000000238eb90
Event: 11.405 Thread 0x00000000001af000 DEOPT UNPACKING pc=0x00000000026a583b sp=0x000000000238eaa8 mode 2
Event: 11.405 Thread 0x00000000001af000 Uncommon trap: trap_request=0xffffff65 fr.pc=0x00000000027d6a84
Event: 11.405 Thread 0x00000000001af000 DEOPT PACKING pc=0x00000000027d6a84 sp=0x000000000238eb20
Event: 11.405 Thread 0x00000000001af000 DEOPT UNPACKING pc=0x00000000026a583b sp=0x000000000238eaa8 mode 2
Event: 11.528 Thread 0x00000000001af000 Uncommon trap: trap_request=0xffffff65 fr.pc=0x000000000289ad00
Event: 11.528 Thread 0x00000000001af000 DEOPT PACKING pc=0x000000000289ad00 sp=0x000000000238e620
Event: 11.528 Thread 0x00000000001af000 DEOPT UNPACKING pc=0x00000000026a583b sp=0x000000000238e620 mode 2
Event: 11.713 Executing VM operation: ParallelGCFailedAllocation
Event: 11.776 Executing VM operation: ParallelGCFailedAllocation done


Dynamic libraries:
0x000000013fa00000 - 0x000000013fa37000 	C:\Program Files\Java\jdk1.8.0_171\bin\javaw.exe
0x00000000771a0000 - 0x0000000077349000 	C:\Windows\SYSTEM32\ntdll.dll
0x000007fef74f0000 - 0x000007fef7524000 	C:\Program Files\AVAST Software\Avast\x64\aswhooka.dll
0x0000000077080000 - 0x000000007719f000 	C:\Windows\system32\kernel32.dll
0x000007fefd0b0000 - 0x000007fefd11c000 	C:\Windows\system32\KERNELBASE.dll
0x000007fefd490000 - 0x000007fefd56b000 	C:\Windows\system32\ADVAPI32.dll
0x000007fefef50000 - 0x000007fefefef000 	C:\Windows\system32\msvcrt.dll
0x000007fefd570000 - 0x000007fefd58f000 	C:\Windows\SYSTEM32\sechost.dll
0x000007fefd590000 - 0x000007fefd6bd000 	C:\Windows\system32\RPCRT4.dll
0x0000000076f80000 - 0x000000007707a000 	C:\Windows\system32\USER32.dll
0x000007fefd6c0000 - 0x000007fefd727000 	C:\Windows\system32\GDI32.dll
0x000007fefd7b0000 - 0x000007fefd7be000 	C:\Windows\system32\LPK.dll
0x000007feff390000 - 0x000007feff459000 	C:\Windows\system32\USP10.dll
0x000007fefb220000 - 0x000007fefb414000 	C:\Windows\WinSxS\amd64_microsoft.windows.common-controls_6595b64144ccf1df_6.0.7601.17514_none_fa396087175ac9ac\COMCTL32.dll
0x000007fefd730000 - 0x000007fefd7a1000 	C:\Windows\system32\SHLWAPI.dll
0x000007fefde50000 - 0x000007fefde7e000 	C:\Windows\system32\IMM32.DLL
0x000007fefeff0000 - 0x000007feff0f9000 	C:\Windows\system32\MSCTF.dll
0x0000000051a80000 - 0x0000000051b52000 	C:\Program Files\Java\jdk1.8.0_171\jre\bin\msvcr100.dll
0x00000000708f0000 - 0x0000000071190000 	C:\Program Files\Java\jdk1.8.0_171\jre\bin\server\jvm.dll
0x000007fef6d40000 - 0x000007fef6d49000 	C:\Windows\system32\WSOCK32.dll
0x000007feff460000 - 0x000007feff4ad000 	C:\Windows\system32\WS2_32.dll
0x000007fefeee0000 - 0x000007fefeee8000 	C:\Windows\system32\NSI.dll
0x000007fefa7d0000 - 0x000007fefa80b000 	C:\Windows\system32\WINMM.dll
0x000007fefbfa0000 - 0x000007fefbfac000 	C:\Windows\system32\VERSION.dll
0x0000000077370000 - 0x0000000077377000 	C:\Windows\system32\PSAPI.DLL
0x0000000066cb0000 - 0x0000000066cbf000 	C:\Program Files\Java\jdk1.8.0_171\jre\bin\verify.dll
0x0000000059cf0000 - 0x0000000059d19000 	C:\Program Files\Java\jdk1.8.0_171\jre\bin\java.dll
0x00000000598d0000 - 0x00000000598e6000 	C:\Program Files\Java\jdk1.8.0_171\jre\bin\zip.dll
0x000007fefe0b0000 - 0x000007fefee38000 	C:\Windows\system32\SHELL32.dll
0x000007feff100000 - 0x000007feff303000 	C:\Windows\system32\ole32.dll
0x000007fefcff0000 - 0x000007fefcfff000 	C:\Windows\system32\profapi.dll

VM Arguments:
jvm_args: -Dfile.encoding=UTF-8 
java_command: nl.lunatech.assignment.queryreport.rest.App
java_class_path (initial): C:\Program Files\Java\jdk1.8.0_171\jre\lib\resources.jar;C:\Program Files\Java\jdk1.8.0_171\jre\lib\rt.jar;C:\Program Files\Java\jdk1.8.0_171\jre\lib\jsse.jar;C:\Program Files\Java\jdk1.8.0_171\jre\lib\jce.jar;C:\Program Files\Java\jdk1.8.0_171\jre\lib\charsets.jar;C:\Program Files\Java\jdk1.8.0_171\jre\lib\jfr.jar;C:\Program Files\Java\jdk1.8.0_171\jre\lib\ext\access-bridge-64.jar;C:\Program Files\Java\jdk1.8.0_171\jre\lib\ext\cldrdata.jar;C:\Program Files\Java\jdk1.8.0_171\jre\lib\ext\dnsns.jar;C:\Program Files\Java\jdk1.8.0_171\jre\lib\ext\jaccess.jar;C:\Program Files\Java\jdk1.8.0_171\jre\lib\ext\jfxrt.jar;C:\Program Files\Java\jdk1.8.0_171\jre\lib\ext\localedata.jar;C:\Program Files\Java\jdk1.8.0_171\jre\lib\ext\nashorn.jar;C:\Program Files\Java\jdk1.8.0_171\jre\lib\ext\sunec.jar;C:\Program Files\Java\jdk1.8.0_171\jre\lib\ext\sunjce_provider.jar;C:\Program Files\Java\jdk1.8.0_171\jre\lib\ext\sunmscapi.jar;C:\Program Files\Java\jdk1.8.0_171\jre\lib\ext\sunpkcs11.jar;C:\Program Files\Java\jdk1.8.0_171\jre\lib\ext\zipfs.jar;A:\Astha\workspace\assignment.queryreport.rest\target\classes;C:\Users\aneesha\.m2\repository\com\sun\faces\jsf-api\2.1.13\jsf-api-2.1.13.jar;C:\Users\aneesha\.m2\repository\com\sun\faces\jsf-impl\2.1.13\jsf-impl-2.1.13.jar;C:\Users\aneesha\.m2\repository\javax\servlet\servlet-api\2.5\servlet-api-2.5.jar;C:\Users\aneesha\.m2\repository\org\primefaces\primefaces\4.0\primefaces-4.0.jar;C:\Users\aneesha\.m2\repository\commons-io\commons-io\1.4\commons-io-1.4.jar;C:\Users\aneesha\.m2\repository\com\sun\jersey\jersey-bundle\1.19.4\jersey-bundle-1.19.4.jar;C:\Users\aneesha\.m2\repository\javax\ws\rs\jsr311-api\1.1.1\jsr311-api-1.1.1.jar;C:\Users\aneesha\.m2\repository\org\json\json\20170516\json-20170516.jar;C:\Users\aneesha\.m2\repository\com\sun\jersey\jersey-server\1.19.4\jersey-server-1.19.4.jar;C:\Users\aneesha\.m2\repository\com\sun\jersey\jersey-core\1.19.4\jersey-core-1.19.4.jar;C:\Users\aneesha\.m2\repository\org
Launcher Type: SUN_STANDARD

Environment Variables:
JAVA_HOME=C:\Program Files\Java\jdk1.8.0_171
JRE_HOME=C:\Program Files\Java\jdk1.8.0_171\jre
CLASSPATH=.;C:\Program Files\Java\jdk1.8.0_171\lib;C:\Program Files\Java\jdk1.8.0_171\jre\lib
PATH=C:/Program Files/Java/jre1.8.0_171/bin/server;C:/Program Files/Java/jre1.8.0_171/bin;C:/Program Files/Java/jre1.8.0_171/lib/amd64;C:\Program Files (x86)\Common Files\Oracle\Java\javapath;C:\oraclexe\app\oracle\product\11.2.0\server\bin;;C:\Program Files (x86)\PC Connectivity Solution\;C:\Windows\system32;C:\Windows;C:\Windows\System32\Wbem;C:\Windows\System32\WindowsPowerShell\v1.0\;c:\Program Files\WIDCOMM\Bluetooth Software\;c:\Program Files\WIDCOMM\Bluetooth Software\syswow64;C:\Program Files\Dell\DW WLAN Card;c:\Program Files (x86)\Common Files\Roxio Shared\DLLShared\;C:\Program Files\Java\jdk1.8.0_171\bin;A:\Astha\softwares\apache-maven-3.5.3-bin\apache-maven-3.5.3\bin;C:\Windows\system32;
USERNAME=aneesha
OS=Windows_NT
PROCESSOR_IDENTIFIER=Intel64 Family 6 Model 37 Stepping 5, GenuineIntel



---------------  S Y S T E M  ---------------

OS: Windows 7 , 64 bit Build 7601 (6.1.7601.18409)

CPU:total 4 (initial active 4) (2 cores per cpu, 2 threads per core) family 6 model 37 stepping 5, cmov, cx8, fxsr, mmx, sse, sse2, sse3, ssse3, sse4.1, sse4.2, popcnt, ht, tsc, tscinvbit

Memory: 4k page, physical 3985944k(499972k free), swap 6381284k(6496k free)

vm_info: Java HotSpot(TM) 64-Bit Server VM (25.171-b11) for windows-amd64 JRE (1.8.0_171-b11), built on Mar 28 2018 16:06:12 by "java_re" with MS VC++ 10.0 (VS2010)

time: Sun Jun 17 13:57:28 2018
elapsed time: 14 seconds (0d 0h 0m 14s)

